-------------------------------------------------------------------------------
Test set: org.dev.fhhf.SinglePageApp.SinglePageAppApplicationTests
-------------------------------------------------------------------------------
Tests run: 1, Failures: 0, Errors: 1, Skipped: 0, Time elapsed: 3.355 s <<< FAILURE! - in org.dev.fhhf.SinglePageApp.SinglePageAppApplicationTests
contextLoads  Time elapsed: 0.012 s  <<< ERROR!
java.lang.IllegalStateException: Failed to load ApplicationContext
Caused by: org.springframework.beans.factory.UnsatisfiedDependencyException: Error creating bean with name 'departmentDaoImpl': Unsatisfied dependency expressed through field 'namedParameterJdbcTemplate'; nested exception is org.springframework.beans.factory.UnsatisfiedDependencyException: Error creating bean with name 'namedParameterJdbcTemplate' defined in class path resource [org/dev/fhhf/SinglePageApp/config/DataSourceConfig.class]: Unsatisfied dependency expressed through method 'namedParameterJdbcTemplate' parameter 0; nested exception is org.springframework.beans.factory.BeanCreationException: Error creating bean with name 'dataSource' defined in class path resource [org/dev/fhhf/SinglePageApp/config/DataSourceConfig.class]: Bean instantiation via factory method failed; nested exception is org.springframework.beans.BeanInstantiationException: Failed to instantiate [javax.sql.DataSource]: Factory method 'dataSource' threw exception; nested exception is java.lang.IllegalArgumentException: Could not resolve placeholder 'SPRING_DATASOURCE_URL' in value "${SPRING_DATASOURCE_URL}"
Caused by: org.springframework.beans.factory.UnsatisfiedDependencyException: Error creating bean with name 'namedParameterJdbcTemplate' defined in class path resource [org/dev/fhhf/SinglePageApp/config/DataSourceConfig.class]: Unsatisfied dependency expressed through method 'namedParameterJdbcTemplate' parameter 0; nested exception is org.springframework.beans.factory.BeanCreationException: Error creating bean with name 'dataSource' defined in class path resource [org/dev/fhhf/SinglePageApp/config/DataSourceConfig.class]: Bean instantiation via factory method failed; nested exception is org.springframework.beans.BeanInstantiationException: Failed to instantiate [javax.sql.DataSource]: Factory method 'dataSource' threw exception; nested exception is java.lang.IllegalArgumentException: Could not resolve placeholder 'SPRING_DATASOURCE_URL' in value "${SPRING_DATASOURCE_URL}"
Caused by: org.springframework.beans.factory.BeanCreationException: Error creating bean with name 'dataSource' defined in class path resource [org/dev/fhhf/SinglePageApp/config/DataSourceConfig.class]: Bean instantiation via factory method failed; nested exception is org.springframework.beans.BeanInstantiationException: Failed to instantiate [javax.sql.DataSource]: Factory method 'dataSource' threw exception; nested exception is java.lang.IllegalArgumentException: Could not resolve placeholder 'SPRING_DATASOURCE_URL' in value "${SPRING_DATASOURCE_URL}"
Caused by: org.springframework.beans.BeanInstantiationException: Failed to instantiate [javax.sql.DataSource]: Factory method 'dataSource' threw exception; nested exception is java.lang.IllegalArgumentException: Could not resolve placeholder 'SPRING_DATASOURCE_URL' in value "${SPRING_DATASOURCE_URL}"
Caused by: java.lang.IllegalArgumentException: Could not resolve placeholder 'SPRING_DATASOURCE_URL' in value "${SPRING_DATASOURCE_URL}"

